<?xml version="1.0" encoding="UTF-8"?>
<testsuite name="tetris.RotationTests" tests="7" skipped="0" failures="0" errors="0" timestamp="2024-10-06T13:10:00" hostname="Davids-MacBook-Air.local" time="0.025">
  <properties/>
  <testcase name="testIRotations" classname="tetris.RotationTests" time="0.005"/>
  <testcase name="testJRotations" classname="tetris.RotationTests" time="0.003"/>
  <testcase name="testLRotations" classname="tetris.RotationTests" time="0.002"/>
  <testcase name="testORotations" classname="tetris.RotationTests" time="0.005"/>
  <testcase name="testSRotations" classname="tetris.RotationTests" time="0.004"/>
  <testcase name="testTRotations" classname="tetris.RotationTests" time="0.002"/>
  <testcase name="testZRotations" classname="tetris.RotationTests" time="0.003"/>
  <system-out><![CDATA[]]></system-out>
  <system-err><![CDATA[]]></system-err>
</testsuite>
