<?xml version="1.0" encoding="UTF-8"?>
<testsuite name="tetris.RotationTests" tests="7" skipped="0" failures="0" errors="0" timestamp="2024-10-02T10:52:48" hostname="feweb61044.feweb.vu.nl" time="0.023">
  <properties/>
  <testcase name="testIRotations" classname="tetris.RotationTests" time="0.004"/>
  <testcase name="testJRotations" classname="tetris.RotationTests" time="0.003"/>
  <testcase name="testLRotations" classname="tetris.RotationTests" time="0.003"/>
  <testcase name="testORotations" classname="tetris.RotationTests" time="0.003"/>
  <testcase name="testSRotations" classname="tetris.RotationTests" time="0.003"/>
  <testcase name="testTRotations" classname="tetris.RotationTests" time="0.002"/>
  <testcase name="testZRotations" classname="tetris.RotationTests" time="0.002"/>
  <system-out><![CDATA[(GRIDDIMS: ,4,4)
(width / 2,2)
(ZE SHAPEE ,List(Point(2,0), Point(2,1), Point(2,2), Point(2,3)))
(ZE SHAPEE ,List(Point(3,2), Point(2,2), Point(1,2), Point(0,2)))
(ZE SHAPEE ,List(Point(1,3), Point(1,2), Point(1,1), Point(1,0)))
(GRIDDIMS: ,3,3)
(width / 2,1)
(ZE SHAPEE ,List(Point(1,1), Point(1,0), Point(1,2), Point(2,0)))
(ZE SHAPEE ,List(Point(1,1), Point(2,1), Point(0,1), Point(2,2)))
(ZE SHAPEE ,List(Point(1,1), Point(1,2), Point(1,0), Point(0,2)))
(GRIDDIMS: ,3,3)
(width / 2,1)
(ZE SHAPEE ,List(Point(1,1), Point(1,0), Point(1,2), Point(2,2)))
(ZE SHAPEE ,List(Point(1,1), Point(2,1), Point(0,1), Point(0,2)))
(ZE SHAPEE ,List(Point(1,1), Point(1,2), Point(1,0), Point(0,0)))
(GRIDDIMS: ,7,3)
(width / 2,3)
(ZE SHAPEE ,List(Point(3,0), Point(4,0), Point(3,1), Point(4,1)))
(ZE SHAPEE ,List(Point(3,0), Point(4,0), Point(3,1), Point(4,1)))
(ZE SHAPEE ,List(Point(3,0), Point(4,0), Point(3,1), Point(4,1)))
(GRIDDIMS: ,3,3)
(width / 2,1)
(ZE SHAPEE ,List(Point(1,1), Point(1,0), Point(2,1), Point(2,2)))
(ZE SHAPEE ,List(Point(1,1), Point(2,1), Point(1,2), Point(0,2)))
(ZE SHAPEE ,List(Point(1,1), Point(1,2), Point(0,1), Point(0,0)))
(GRIDDIMS: ,3,3)
(width / 2,1)
(ZE SHAPEE ,List(Point(1,1), Point(1,0), Point(1,2), Point(2,1)))
(ZE SHAPEE ,List(Point(1,1), Point(2,1), Point(0,1), Point(1,2)))
(ZE SHAPEE ,List(Point(1,1), Point(1,2), Point(1,0), Point(0,1)))
(GRIDDIMS: ,3,3)
(width / 2,1)
(ZE SHAPEE ,List(Point(1,1), Point(1,2), Point(2,1), Point(2,0)))
(ZE SHAPEE ,List(Point(1,1), Point(0,1), Point(1,2), Point(2,2)))
(ZE SHAPEE ,List(Point(1,1), Point(1,0), Point(0,1), Point(0,2)))
]]></system-out>
  <system-err><![CDATA[]]></system-err>
</testsuite>
