<?xml version="1.0" encoding="UTF-8"?>
<testsuite name="tetris.RotateBackToStartTests" tests="4" skipped="0" failures="0" errors="0" timestamp="2024-10-02T12:20:25" hostname="feweb61044.feweb.vu.nl" time="0.012">
  <properties/>
  <testcase name="testRotate360" classname="tetris.RotateBackToStartTests" time="0.002"/>
  <testcase name="testRotate360CC" classname="tetris.RotateBackToStartTests" time="0.002"/>
  <testcase name="testRotateLeftRight" classname="tetris.RotateBackToStartTests" time="0.006"/>
  <testcase name="testRotateRightLeft" classname="tetris.RotateBackToStartTests" time="0.002"/>
  <system-out><![CDATA[]]></system-out>
  <system-err><![CDATA[]]></system-err>
</testsuite>
