<?xml version="1.0" encoding="UTF-8"?>
<testsuite name="tetris.BlockedTests" tests="11" skipped="0" failures="0" errors="0" timestamp="2024-10-01T14:36:24" hostname="feweb61044.feweb.vu.nl" time="0.018">
  <properties/>
  <testcase name="testMoveOutLeft" classname="tetris.BlockedTests" time="0.001"/>
  <testcase name="testMoveOutRight" classname="tetris.BlockedTests" time="0.001"/>
  <testcase name="testBlockedByBlocksLeft" classname="tetris.BlockedTests" time="0.0"/>
  <testcase name="testBlockedByBlocksRight" classname="tetris.BlockedTests" time="0.0"/>
  <testcase name="testBlockedByBlocksRotateLeft" classname="tetris.BlockedTests" time="0.0"/>
  <testcase name="testBlockedByBlocksRotateRight" classname="tetris.BlockedTests" time="0.002"/>
  <testcase name="testRotateLeftOutRight" classname="tetris.BlockedTests" time="0.001"/>
  <testcase name="testRotateRightOutRight" classname="tetris.BlockedTests" time="0.0"/>
  <testcase name="testRotateLeftOutLeft" classname="tetris.BlockedTests" time="0.001"/>
  <testcase name="testRotateRightOutLeft" classname="tetris.BlockedTests" time="0.001"/>
  <testcase name="testRotateOutBottom" classname="tetris.BlockedTests" time="0.006"/>
  <system-out><![CDATA[(GRIDDIMS: ,7,3)
(width / 2,3)
(GRIDDIMS: ,6,3)
(width / 2,3)
(GRIDDIMS: ,6,3)
(width / 2,3)
(GRIDDIMS: ,6,3)
(width / 2,3)
(GRIDDIMS: ,3,3)
(width / 2,1)
(GRIDDIMS: ,6,4)
(width / 2,3)
(ZE SHAPEE ,List(Point(2,0), Point(2,1), Point(2,2), Point(2,3)))
(GRIDDIMS: ,3,3)
(width / 2,1)
(ZE SHAPEE ,List(Point(1,1), Point(1,2), Point(1,0), Point(0,0)))
(GRIDDIMS: ,3,3)
(width / 2,1)
(ZE SHAPEE ,List(Point(1,1), Point(1,2), Point(0,1), Point(0,0)))
(GRIDDIMS: ,4,4)
(width / 2,2)
(ZE SHAPEE ,List(Point(1,3), Point(1,2), Point(1,1), Point(1,0)))
(GRIDDIMS: ,3,3)
(width / 2,1)
(ZE SHAPEE ,List(Point(1,1), Point(1,0), Point(1,2), Point(2,1)))
(GRIDDIMS: ,4,2)
(width / 2,2)
]]></system-out>
  <system-err><![CDATA[]]></system-err>
</testsuite>
