<?xml version="1.0" encoding="UTF-8"?>
<testsuite name="tetris.FullGameTests" tests="5" skipped="0" failures="0" errors="0" timestamp="2024-10-02T10:52:48" hostname="feweb61044.feweb.vu.nl" time="0.138">
  <properties/>
  <testcase name="testGame5x9" classname="tetris.FullGameTests" time="0.014"/>
  <testcase name="testGame8x11" classname="tetris.FullGameTests" time="0.078"/>
  <testcase name="testGame6x10" classname="tetris.FullGameTests" time="0.014"/>
  <testcase name="testInterleave5x9and8x11" classname="tetris.FullGameTests" time="0.014"/>
  <testcase name="testInterleave8x11and6x10" classname="tetris.FullGameTests" time="0.018"/>
  <system-out><![CDATA[(GRIDDIMS: ,5,9)
(width / 2,2)
(ZE SHAPEE ,List(Point(3,0), Point(3,1), Point(3,2), Point(3,3)))
(ZE SHAPEE ,List(Point(3,0), Point(3,1), Point(3,2), Point(3,3)))
(ZE SHAPEE ,List(Point(3,0), Point(3,1), Point(3,2), Point(3,3)))
(ZE SHAPEE ,List(Point(2,1), Point(2,0), Point(2,2), Point(3,0)))
(ZE SHAPEE ,List(Point(2,1), Point(2,0), Point(3,1), Point(3,2)))
(ZE SHAPEE ,List(Point(2,1), Point(2,0), Point(2,2), Point(3,2)))
(ZE SHAPEE ,List(Point(2,1), Point(2,0), Point(2,2), Point(3,0)))
(ZE SHAPEE ,List(Point(3,1), Point(3,0), Point(4,1), Point(4,2)))
(ZE SHAPEE ,List(Point(3,1), Point(3,2), Point(4,1), Point(4,0)))
(GRIDDIMS: ,8,11)
(width / 2,4)
(ZE SHAPEE ,List(Point(3,1), Point(3,2), Point(4,1), Point(4,0)))
(ZE SHAPEE ,List(Point(2,1), Point(2,0), Point(3,1), Point(3,2)))
(ZE SHAPEE ,List(Point(4,0), Point(4,1), Point(4,2), Point(4,3)))
(ZE SHAPEE ,List(Point(3,1), Point(3,0), Point(3,2), Point(4,2)))
(ZE SHAPEE ,List(Point(5,1), Point(6,1), Point(4,1), Point(4,2)))
(ZE SHAPEE ,List(Point(5,1), Point(5,2), Point(5,0), Point(4,0)))
(ZE SHAPEE ,List(Point(5,1), Point(5,0), Point(5,2), Point(6,1)))
(ZE SHAPEE ,List(Point(5,1), Point(6,1), Point(4,1), Point(5,2)))
(ZE SHAPEE ,List(Point(4,1), Point(4,0), Point(5,1), Point(5,2)))
(ZE SHAPEE ,List(Point(2,1), Point(2,0), Point(2,2), Point(3,1)))
(ZE SHAPEE ,List(Point(1,1), Point(2,1), Point(0,1), Point(1,2)))
(ZE SHAPEE ,List(Point(1,1), Point(1,2), Point(1,0), Point(0,1)))
(ZE SHAPEE ,List(Point(3,1), Point(3,0), Point(4,1), Point(4,2)))
(ZE SHAPEE ,List(Point(3,1), Point(3,0), Point(3,2), Point(4,2)))
(ZE SHAPEE ,List(Point(3,1), Point(4,1), Point(2,1), Point(2,2)))
(ZE SHAPEE ,List(Point(3,1), Point(3,2), Point(3,0), Point(2,0)))
(ZE SHAPEE ,List(Point(3,1), Point(3,0), Point(3,2), Point(4,0)))
(ZE SHAPEE ,List(Point(4,1), Point(5,1), Point(3,1), Point(5,2)))
(ZE SHAPEE ,List(Point(2,1), Point(2,0), Point(2,2), Point(3,1)))
(ZE SHAPEE ,List(Point(3,1), Point(3,0), Point(3,2), Point(4,0)))
(ZE SHAPEE ,List(Point(3,1), Point(4,1), Point(2,1), Point(4,2)))
(ZE SHAPEE ,List(Point(3,1), Point(3,2), Point(3,0), Point(2,2)))
(ZE SHAPEE ,List(Point(3,1), Point(3,0), Point(4,1), Point(4,2)))
(ZE SHAPEE ,List(Point(3,1), Point(3,2), Point(4,1), Point(4,0)))
(ZE SHAPEE ,List(Point(3,1), Point(3,2), Point(4,1), Point(4,0)))
(ZE SHAPEE ,List(Point(3,1), Point(3,0), Point(3,2), Point(4,1)))
(ZE SHAPEE ,List(Point(3,1), Point(3,2), Point(4,1), Point(4,0)))
(ZE SHAPEE ,List(Point(3,1), Point(3,0), Point(3,2), Point(4,1)))
(ZE SHAPEE ,List(Point(3,1), Point(4,1), Point(2,1), Point(3,2)))
(ZE SHAPEE ,List(Point(3,1), Point(3,2), Point(3,0), Point(2,1)))
(ZE SHAPEE ,List(Point(3,1), Point(2,1), Point(4,1), Point(3,0)))
(ZE SHAPEE ,List(Point(3,1), Point(3,0), Point(3,2), Point(4,1)))
(ZE SHAPEE ,List(Point(3,1), Point(3,0), Point(3,2), Point(4,1)))
(ZE SHAPEE ,List(Point(3,1), Point(4,1), Point(2,1), Point(3,2)))
(ZE SHAPEE ,List(Point(3,1), Point(3,2), Point(3,0), Point(2,1)))
(ZE SHAPEE ,List(Point(3,1), Point(3,2), Point(4,1), Point(4,0)))
(ZE SHAPEE ,List(Point(4,0), Point(4,1), Point(4,2), Point(4,3)))
(ZE SHAPEE ,List(Point(1,1), Point(1,2), Point(2,1), Point(2,0)))
(ZE SHAPEE ,List(Point(3,1), Point(3,0), Point(4,1), Point(4,2)))
(GRIDDIMS: ,6,10)
(width / 2,3)
(ZE SHAPEE ,List(Point(2,1), Point(2,0), Point(2,2), Point(3,0)))
(ZE SHAPEE ,List(Point(2,1), Point(3,1), Point(1,1), Point(3,2)))
(ZE SHAPEE ,List(Point(2,1), Point(2,2), Point(2,0), Point(1,2)))
(ZE SHAPEE ,List(Point(2,1), Point(2,0), Point(2,2), Point(3,0)))
(ZE SHAPEE ,List(Point(2,1), Point(3,1), Point(1,1), Point(3,2)))
(ZE SHAPEE ,List(Point(2,1), Point(2,2), Point(2,0), Point(1,2)))
(ZE SHAPEE ,List(Point(2,1), Point(2,0), Point(2,2), Point(3,0)))
(ZE SHAPEE ,List(Point(2,1), Point(2,0), Point(2,2), Point(3,1)))
(ZE SHAPEE ,List(Point(2,1), Point(2,0), Point(2,2), Point(3,0)))
(ZE SHAPEE ,List(Point(2,1), Point(3,1), Point(1,1), Point(3,2)))
(ZE SHAPEE ,List(Point(2,1), Point(2,2), Point(2,0), Point(1,2)))
(ZE SHAPEE ,List(Point(2,1), Point(2,0), Point(2,2), Point(3,0)))
(ZE SHAPEE ,List(Point(2,1), Point(3,1), Point(1,1), Point(3,2)))
(ZE SHAPEE ,List(Point(3,1), Point(3,2), Point(3,0), Point(2,2)))
(ZE SHAPEE ,List(Point(3,1), Point(3,0), Point(3,2), Point(4,1)))
(ZE SHAPEE ,List(Point(3,1), Point(4,1), Point(2,1), Point(3,2)))
(ZE SHAPEE ,List(Point(2,1), Point(2,0), Point(3,1), Point(3,2)))
(ZE SHAPEE ,List(Point(3,1), Point(3,0), Point(3,2), Point(4,0)))
(GRIDDIMS: ,5,9)
(width / 2,2)
(GRIDDIMS: ,8,11)
(width / 2,4)
(ZE SHAPEE ,List(Point(3,0), Point(3,1), Point(3,2), Point(3,3)))
(ZE SHAPEE ,List(Point(3,0), Point(3,1), Point(3,2), Point(3,3)))
(ZE SHAPEE ,List(Point(3,1), Point(3,2), Point(4,1), Point(4,0)))
(ZE SHAPEE ,List(Point(2,1), Point(2,0), Point(3,1), Point(3,2)))
(ZE SHAPEE ,List(Point(3,0), Point(3,1), Point(3,2), Point(3,3)))
(ZE SHAPEE ,List(Point(2,1), Point(2,0), Point(2,2), Point(3,0)))
(ZE SHAPEE ,List(Point(4,0), Point(4,1), Point(4,2), Point(4,3)))
(ZE SHAPEE ,List(Point(2,1), Point(2,0), Point(3,1), Point(3,2)))
(ZE SHAPEE ,List(Point(2,1), Point(2,0), Point(2,2), Point(3,2)))
(ZE SHAPEE ,List(Point(2,1), Point(2,0), Point(2,2), Point(3,0)))
(ZE SHAPEE ,List(Point(3,1), Point(3,0), Point(4,1), Point(4,2)))
(ZE SHAPEE ,List(Point(3,1), Point(3,2), Point(4,1), Point(4,0)))
(ZE SHAPEE ,List(Point(3,1), Point(3,0), Point(3,2), Point(4,2)))
(ZE SHAPEE ,List(Point(5,1), Point(6,1), Point(4,1), Point(4,2)))
(ZE SHAPEE ,List(Point(5,1), Point(5,2), Point(5,0), Point(4,0)))
(GRIDDIMS: ,8,11)
(width / 2,4)
(GRIDDIMS: ,6,10)
(width / 2,3)
(ZE SHAPEE ,List(Point(2,1), Point(2,0), Point(2,2), Point(3,0)))
(ZE SHAPEE ,List(Point(2,1), Point(3,1), Point(1,1), Point(3,2)))
(ZE SHAPEE ,List(Point(2,1), Point(2,2), Point(2,0), Point(1,2)))
(ZE SHAPEE ,List(Point(3,1), Point(3,2), Point(4,1), Point(4,0)))
(ZE SHAPEE ,List(Point(2,1), Point(2,0), Point(3,1), Point(3,2)))
(ZE SHAPEE ,List(Point(2,1), Point(2,0), Point(2,2), Point(3,0)))
(ZE SHAPEE ,List(Point(2,1), Point(3,1), Point(1,1), Point(3,2)))
(ZE SHAPEE ,List(Point(2,1), Point(2,2), Point(2,0), Point(1,2)))
(ZE SHAPEE ,List(Point(4,0), Point(4,1), Point(4,2), Point(4,3)))
(ZE SHAPEE ,List(Point(2,1), Point(2,0), Point(2,2), Point(3,0)))
(ZE SHAPEE ,List(Point(2,1), Point(2,0), Point(2,2), Point(3,1)))
(ZE SHAPEE ,List(Point(2,1), Point(2,0), Point(2,2), Point(3,0)))
(ZE SHAPEE ,List(Point(2,1), Point(3,1), Point(1,1), Point(3,2)))
(ZE SHAPEE ,List(Point(2,1), Point(2,2), Point(2,0), Point(1,2)))
(ZE SHAPEE ,List(Point(3,1), Point(3,0), Point(3,2), Point(4,2)))
(ZE SHAPEE ,List(Point(2,1), Point(2,0), Point(2,2), Point(3,0)))
(ZE SHAPEE ,List(Point(5,1), Point(6,1), Point(4,1), Point(4,2)))
(ZE SHAPEE ,List(Point(2,1), Point(3,1), Point(1,1), Point(3,2)))
(ZE SHAPEE ,List(Point(5,1), Point(5,2), Point(5,0), Point(4,0)))
(ZE SHAPEE ,List(Point(3,1), Point(3,2), Point(3,0), Point(2,2)))
(ZE SHAPEE ,List(Point(3,1), Point(3,0), Point(3,2), Point(4,1)))
(ZE SHAPEE ,List(Point(3,1), Point(4,1), Point(2,1), Point(3,2)))
(ZE SHAPEE ,List(Point(5,1), Point(5,0), Point(5,2), Point(6,1)))
(ZE SHAPEE ,List(Point(5,1), Point(6,1), Point(4,1), Point(5,2)))
(ZE SHAPEE ,List(Point(4,1), Point(4,0), Point(5,1), Point(5,2)))
(ZE SHAPEE ,List(Point(2,1), Point(2,0), Point(3,1), Point(3,2)))
(ZE SHAPEE ,List(Point(3,1), Point(3,0), Point(3,2), Point(4,0)))
(ZE SHAPEE ,List(Point(2,1), Point(2,0), Point(2,2), Point(3,1)))
(ZE SHAPEE ,List(Point(1,1), Point(2,1), Point(0,1), Point(1,2)))
(ZE SHAPEE ,List(Point(1,1), Point(1,2), Point(1,0), Point(0,1)))
]]></system-out>
  <system-err><![CDATA[]]></system-err>
</testsuite>
