<?xml version="1.0" encoding="UTF-8"?>
<testsuite name="tetris.GameOverTests" tests="4" skipped="0" failures="0" errors="0" timestamp="2024-10-02T12:20:25" hostname="feweb61044.feweb.vu.nl" time="0.006">
  <properties/>
  <testcase name="testGameOver" classname="tetris.GameOverTests" time="0.002"/>
  <testcase name="testNoEscapeGameOver" classname="tetris.GameOverTests" time="0.0"/>
  <testcase name="testNoEscapeGameOver2" classname="tetris.GameOverTests" time="0.001"/>
  <testcase name="testNoGameOverTightFit" classname="tetris.GameOverTests" time="0.001"/>
  <system-out><![CDATA[]]></system-out>
  <system-err><![CDATA[]]></system-err>
</testsuite>
