<?xml version="1.0" encoding="UTF-8"?>
<testsuite name="tetris.GameOverTests" tests="4" skipped="0" failures="0" errors="0" timestamp="2024-10-06T13:10:00" hostname="Davids-MacBook-Air.local" time="0.006">
  <properties/>
  <testcase name="testGameOver" classname="tetris.GameOverTests" time="0.003"/>
  <testcase name="testNoEscapeGameOver" classname="tetris.GameOverTests" time="0.001"/>
  <testcase name="testNoEscapeGameOver2" classname="tetris.GameOverTests" time="0.001"/>
  <testcase name="testNoGameOverTightFit" classname="tetris.GameOverTests" time="0.001"/>
  <system-out><![CDATA[]]></system-out>
  <system-err><![CDATA[]]></system-err>
</testsuite>
