<?xml version="1.0" encoding="UTF-8"?>
<testsuite name="tetris.ClearLinesTests" tests="5" skipped="0" failures="0" errors="0" timestamp="2024-10-02T10:52:48" hostname="feweb61044.feweb.vu.nl" time="0.013">
  <properties/>
  <testcase name="testClear1Line" classname="tetris.ClearLinesTests" time="0.002"/>
  <testcase name="testClear1LineMiddle" classname="tetris.ClearLinesTests" time="0.003"/>
  <testcase name="testClear2Lines" classname="tetris.ClearLinesTests" time="0.003"/>
  <testcase name="testClear3Lines" classname="tetris.ClearLinesTests" time="0.003"/>
  <testcase name="testClear4Lines" classname="tetris.ClearLinesTests" time="0.002"/>
  <system-out><![CDATA[(GRIDDIMS: ,3,5)
(width / 2,1)
(ZE SHAPEE ,List(Point(1,1), Point(1,0), Point(2,1), Point(2,2)))
(GRIDDIMS: ,4,9)
(width / 2,2)
(ZE SHAPEE ,List(Point(2,0), Point(2,1), Point(2,2), Point(2,3)))
(GRIDDIMS: ,4,8)
(width / 2,2)
(ZE SHAPEE ,List(Point(2,0), Point(2,1), Point(2,2), Point(2,3)))
(GRIDDIMS: ,4,8)
(width / 2,2)
(ZE SHAPEE ,List(Point(2,0), Point(2,1), Point(2,2), Point(2,3)))
(GRIDDIMS: ,4,9)
(width / 2,2)
(ZE SHAPEE ,List(Point(2,0), Point(2,1), Point(2,2), Point(2,3)))
]]></system-out>
  <system-err><![CDATA[]]></system-err>
</testsuite>
