<?xml version="1.0" encoding="UTF-8"?>
<testsuite name="tetris.MovementTests" tests="2" skipped="0" failures="0" errors="0" timestamp="2024-09-29T12:58:57" hostname="Mac.home" time="0.006">
  <properties/>
  <testcase name="testMovement" classname="tetris.MovementTests" time="0.003"/>
  <testcase name="testMovement2" classname="tetris.MovementTests" time="0.003"/>
  <system-out><![CDATA[(GRIDDIMS: ,6,4)
(width / 2,3)
(ZE SHAPEE ,List(Point(2,1), Point(1,1), Point(2,0), Point(3,0)))
(GRIDDIMS: ,7,4)
(width / 2,3)
(ZE SHAPEE ,List(Point(3,1), Point(2,1), Point(4,1), Point(3,0)))
]]></system-out>
  <system-err><![CDATA[]]></system-err>
</testsuite>
