<?xml version="1.0" encoding="UTF-8"?>
<testsuite name="tetris.DropTests" tests="1" skipped="0" failures="0" errors="0" timestamp="2024-10-06T13:10:00" hostname="Davids-MacBook-Air.local" time="0.013">
  <properties/>
  <testcase name="testDrop" classname="tetris.DropTests" time="0.013"/>
  <system-out><![CDATA[]]></system-out>
  <system-err><![CDATA[]]></system-err>
</testsuite>
