<?xml version="1.0" encoding="UTF-8"?>
<testsuite name="tetris.SpawnTests" tests="2" skipped="0" failures="0" errors="0" timestamp="2024-10-01T14:36:24" hostname="feweb61044.feweb.vu.nl" time="0.004">
  <properties/>
  <testcase name="testSpawn" classname="tetris.SpawnTests" time="0.001"/>
  <testcase name="testSpawn2" classname="tetris.SpawnTests" time="0.002"/>
  <system-out><![CDATA[(GRIDDIMS: ,5,4)
(width / 2,2)
(GRIDDIMS: ,4,6)
(width / 2,2)
]]></system-out>
  <system-err><![CDATA[]]></system-err>
</testsuite>
