<?xml version="1.0" encoding="UTF-8"?>
<testsuite name="tetris.RotateBackToStartTests" tests="4" skipped="0" failures="0" errors="0" timestamp="2024-09-29T12:46:54" hostname="Mac.home" time="0.009">
  <properties/>
  <testcase name="testRotate360" classname="tetris.RotateBackToStartTests" time="0.002"/>
  <testcase name="testRotate360CC" classname="tetris.RotateBackToStartTests" time="0.002"/>
  <testcase name="testRotateLeftRight" classname="tetris.RotateBackToStartTests" time="0.001"/>
  <testcase name="testRotateRightLeft" classname="tetris.RotateBackToStartTests" time="0.003"/>
  <system-out><![CDATA[(GRIDDIMS: ,4,4)
(width / 2,2)
(ZE SHAPEE ,List(Point(0,1), Point(1,1), Point(2,1), Point(3,1)))
(ZE SHAPEE ,List(Point(2,0), Point(2,1), Point(2,2), Point(2,3)))
(ZE SHAPEE ,List(Point(3,2), Point(2,2), Point(1,2), Point(0,2)))
(ZE SHAPEE ,List(Point(1,3), Point(1,2), Point(1,1), Point(1,0)))
(ZE SHAPEE ,List(Point(0,1), Point(1,1), Point(2,1), Point(3,1)))
(GRIDDIMS: ,3,3)
(width / 2,1)
(ZE SHAPEE ,List(Point(1,1), Point(0,1), Point(2,1), Point(1,0)))
(ZE SHAPEE ,List(Point(1,1), Point(1,2), Point(1,0), Point(0,1)))
(ZE SHAPEE ,List(Point(1,1), Point(2,1), Point(0,1), Point(1,2)))
(ZE SHAPEE ,List(Point(1,1), Point(1,0), Point(1,2), Point(2,1)))
(ZE SHAPEE ,List(Point(1,1), Point(0,1), Point(2,1), Point(1,0)))
(GRIDDIMS: ,3,3)
(width / 2,1)
(ZE SHAPEE ,List(Point(1,1), Point(2,1), Point(1,0), Point(0,0)))
(ZE SHAPEE ,List(Point(1,1), Point(1,2), Point(2,1), Point(2,0)))
(ZE SHAPEE ,List(Point(1,1), Point(2,1), Point(1,0), Point(0,0)))
(GRIDDIMS: ,3,3)
(width / 2,1)
(ZE SHAPEE ,List(Point(1,1), Point(0,1), Point(2,1), Point(2,0)))
(ZE SHAPEE ,List(Point(1,1), Point(1,2), Point(1,0), Point(0,0)))
(ZE SHAPEE ,List(Point(1,1), Point(2,1), Point(0,1), Point(0,2)))
(ZE SHAPEE ,List(Point(1,1), Point(1,2), Point(1,0), Point(0,0)))
(ZE SHAPEE ,List(Point(1,1), Point(0,1), Point(2,1), Point(2,0)))
]]></system-out>
  <system-err><![CDATA[]]></system-err>
</testsuite>
