<?xml version="1.0" encoding="UTF-8"?>
<testsuite name="tetris.GameOverTests" tests="4" skipped="0" failures="0" errors="0" timestamp="2024-10-02T10:52:48" hostname="feweb61044.feweb.vu.nl" time="0.006">
  <properties/>
  <testcase name="testGameOver" classname="tetris.GameOverTests" time="0.002"/>
  <testcase name="testNoEscapeGameOver" classname="tetris.GameOverTests" time="0.002"/>
  <testcase name="testNoEscapeGameOver2" classname="tetris.GameOverTests" time="0.002"/>
  <testcase name="testNoGameOverTightFit" classname="tetris.GameOverTests" time="0.0"/>
  <system-out><![CDATA[(GRIDDIMS: ,4,4)
(width / 2,2)
(GRIDDIMS: ,4,3)
(width / 2,2)
(GRIDDIMS: ,4,4)
(width / 2,2)
(ZE SHAPEE ,List(Point(1,1), Point(1,0), Point(1,2), Point(2,0)))
(GRIDDIMS: ,4,4)
(width / 2,2)
]]></system-out>
  <system-err><![CDATA[]]></system-err>
</testsuite>
