<?xml version="1.0" encoding="UTF-8"?>
<testsuite name="tetris.SpawnTests" tests="2" skipped="0" failures="0" errors="0" timestamp="2024-10-02T12:20:25" hostname="feweb61044.feweb.vu.nl" time="0.005">
  <properties/>
  <testcase name="testSpawn" classname="tetris.SpawnTests" time="0.002"/>
  <testcase name="testSpawn2" classname="tetris.SpawnTests" time="0.002"/>
  <system-out><![CDATA[]]></system-out>
  <system-err><![CDATA[]]></system-err>
</testsuite>
