<?xml version="1.0" encoding="UTF-8"?>
<testsuite name="tetris.MovementTests" tests="2" skipped="0" failures="0" errors="0" timestamp="2024-10-02T12:20:25" hostname="feweb61044.feweb.vu.nl" time="0.008">
  <properties/>
  <testcase name="testMovement" classname="tetris.MovementTests" time="0.005"/>
  <testcase name="testMovement2" classname="tetris.MovementTests" time="0.003"/>
  <system-out><![CDATA[]]></system-out>
  <system-err><![CDATA[]]></system-err>
</testsuite>
